#
# A fatal error has been detected by the Java Runtime Environment:
#
#  EXCEPTION_ACCESS_VIOLATION (0xc0000005) at pc=0x00000000595a5400, pid=6416, tid=6312
#
# JRE version: 7.0_15-b03
# Java VM: Java HotSpot(TM) 64-Bit Server VM (23.7-b01 mixed mode windows-amd64 compressed oops)
# Problematic frame:
# V  [jvm.dll+0x25400]
#
# Failed to write core dump. Minidumps are not enabled by default on client versions of Windows
#
# If you would like to submit a bug report, please visit:
#   http://bugreport.sun.com/bugreport/crash.jsp
#

---------------  T H R E A D  ---------------

Current thread (0x0000000001d0c000):  GCTaskThread [stack: 0x0000000005530000,0x0000000005630000] [id=6312]

siginfo: ExceptionCode=0xc0000005, reading address 0x0000000000000018

Registers:
RAX=0x0000000000000000, RBX=0x00000000f8e10eb8, RCX=0x00000000f8e10eb8, RDX=0x0000000000000010
RSP=0x000000000562f698, RBP=0x0000000000000000, RSI=0x000000000843a140, RDI=0x00034fdf0001afd7
R8 =0x000000000843a140, R9 =0x0000000000000000, R10=0x3ff0000000000000, R11=0x00000000fdb33990
R12=0x0000000059ad8210, R13=0x0000000000000000, R14=0x0000000000000000, R15=0x0000000001d0c420
RIP=0x00000000595a5400, EFLAGS=0x0000000000010202

Top of Stack: (sp=0x000000000562f698)
0x000000000562f698:   00000000598e22d6 00000000fa40af38
0x000000000562f6a8:   0000000000000005 000000000843a140
0x000000000562f6b8:   000007fefd6610dc 00000000fdb2e0c8
0x000000000562f6c8:   00000000598e29b4 00000000c5521844
0x000000000562f6d8:   0000000059648b03 0000000000000000
0x000000000562f6e8:   0000000001d0a801 0000000059ad8210
0x000000000562f6f8:   00000000598e2660 00000000fdb33a1c
0x000000000562f708:   0000000000000000 000000000843a140
0x000000000562f718:   00034fdf0001afd7 00000000fdb33a1c
0x000000000562f728:   00000000598e3052 00000000f91b0028
0x000000000562f738:   0000000000000000 000000000843a140
0x000000000562f748:   00000000598e256e 00034fdf0001afd7
0x000000000562f758:   0000000000000003 000000000843a140
0x000000000562f768:   00034fdf0001afd7 000a00410000872d
0x000000000562f778:   00034fde0001afd7 0000000001e9bee0
0x000000000562f788:   0000000059735f32 0000000001d0c410 

Instructions: (pc=0x00000000595a5400)
0x00000000595a53e0:   0d 44 0f b7 c0 48 83 c1 48 e8 88 7d 4c 00 48 83
0x00000000595a53f0:   c4 28 c3 cc cc cc cc cc cc cc cc cc cc cc cc cc
0x00000000595a5400:   44 8b 42 08 4c 8b ca 45 85 c0 7e 0e 41 f6 c0 01
0x00000000595a5410:   75 57 41 c1 f8 03 41 8b c0 c3 79 4d 80 3d f5 68 


Register to memory mapping:

RAX=0x0000000000000000 is an unknown value
RBX=0x00000000f8e10eb8 is an unknown value
RCX=0x00000000f8e10eb8 is an unknown value
RDX=0x0000000000000010 is an unknown value
RSP=0x000000000562f698 is an unknown value
RBP=0x0000000000000000 is an unknown value
RSI=0x000000000843a140 is an unknown value
RDI=0x00034fdf0001afd7 is an unknown value
R8 =0x000000000843a140 is an unknown value
R9 =0x0000000000000000 is an unknown value
R10=0x3ff0000000000000 is an unknown value
R11=0x00000000fdb33990 is an oop
[D 
 - klass: {type array double}
 - length: 8
R12=0x0000000059ad8210 is an unknown value
R13=0x0000000000000000 is an unknown value
R14=0x0000000000000000 is an unknown value
R15=0x0000000001d0c420 is an unknown value


Stack: [0x0000000005530000,0x0000000005630000],  sp=0x000000000562f698,  free space=1021k
Native frames: (J=compiled Java code, j=interpreted, Vv=VM code, C=native code)
V  [jvm.dll+0x25400]

[error occurred during error reporting (printing native stack), id 0xc0000005]


---------------  P R O C E S S  ---------------

Java Threads: ( => current thread )
  0x00000000084f9000 JavaThread "Service Thread" daemon [_thread_blocked, id=5264, stack(0x0000000009750000,0x0000000009850000)]
  0x00000000084ed800 JavaThread "C2 CompilerThread1" daemon [_thread_blocked, id=5588, stack(0x0000000009890000,0x0000000009990000)]
  0x00000000084d6800 JavaThread "C2 CompilerThread0" daemon [_thread_blocked, id=1864, stack(0x0000000009600000,0x0000000009700000)]
  0x00000000084d5000 JavaThread "Attach Listener" daemon [_thread_blocked, id=5960, stack(0x00000000094c0000,0x00000000095c0000)]
  0x00000000084d3800 JavaThread "Signal Dispatcher" daemon [_thread_blocked, id=1496, stack(0x0000000009340000,0x0000000009440000)]
  0x000000000844e000 JavaThread "Finalizer" daemon [_thread_blocked, id=5164, stack(0x0000000009170000,0x0000000009270000)]
  0x0000000008445000 JavaThread "Reference Handler" daemon [_thread_blocked, id=2308, stack(0x0000000009020000,0x0000000009120000)]
  0x0000000001e9c800 JavaThread "main" [_thread_blocked, id=344, stack(0x0000000002040000,0x0000000002140000)]

Other Threads:
  0x000000000843e000 VMThread [stack: 0x0000000008e80000,0x0000000008f80000] [id=6700]
  0x0000000008508800 WatcherThread [stack: 0x00000000099b0000,0x0000000009ab0000] [id=6776]

=>0x0000000001d0c000 (exited) GCTaskThread [stack: 0x0000000005530000,0x0000000005630000] [id=6312]

VM state:at safepoint (normal execution)

VM Mutex/Monitor currently owned by a thread:  ([mutex/lock_event])
[0x0000000001e9ade0] Threads_lock - owner thread: 0x000000000843e000
[0x0000000001e9b2e0] Heap_lock - owner thread: 0x0000000001e9c800

Heap
 PSYoungGen      total 270912K, used 270904K [0x00000000eb000000, 0x0000000100000000, 0x0000000100000000)
  eden space 228352K, 100% used [0x00000000eb000000,0x00000000f8f00000,0x00000000f8f00000)
  from space 42560K, 99% used [0x00000000f8f00000,0x00000000fb88e0c8,0x00000000fb890000)
  to   space 62656K, 70% used [0x00000000fc2d0000,0x00000000fedfe0c8,0x0000000100000000)
 ParOldGen       total 246144K, used 90263K [0x00000000c1000000, 0x00000000d0060000, 0x00000000eb000000)
  object space 246144K, 36% used [0x00000000c1000000,0x00000000c6825c38,0x00000000d0060000)
 PSPermGen       total 21248K, used 4886K [0x00000000bbe00000, 0x00000000bd2c0000, 0x00000000c1000000)
  object space 21248K, 22% used [0x00000000bbe00000,0x00000000bc2c5ab0,0x00000000bd2c0000)

Card table byte_map: [0x0000000005140000,0x0000000005370000] byte_map_base: 0x0000000004b61000

Polling page: 0x0000000000200000

Code Cache  [0x0000000002140000, 0x00000000023b0000, 0x0000000005140000)
 total_blobs=596 nmethods=389 adapters=158 free_code_cache=47374Kb largest_free_block=48433664

Compilation events (10 events):
Event: 4335.950 Thread 0x00000000084d6800 nmethod 391 0x00000000021c7d50 code [0x00000000021c7ec0, 0x00000000021c8638]
Event: 4336.648 Thread 0x00000000084d6800  392             weka.classifiers.functions.SMO::buildClassifier (725 bytes)
Event: 4336.932 Thread 0x00000000084d6800 nmethod 392 0x00000000022e9190 code [0x00000000022e9740, 0x00000000022ec830]
Event: 4336.958 Thread 0x00000000084d6800  393             weka.core.Instances::deleteWithMissing (58 bytes)
Event: 4337.011 Thread 0x00000000084d6800 nmethod 393 0x00000000022c0c10 code [0x00000000022c0dc0, 0x00000000022c14a8]
Event: 4337.063 Thread 0x00000000084d6800  394             weka.core.Instances::stringFreeStructure (193 bytes)
Event: 4337.119 Thread 0x00000000084d6800 nmethod 394 0x00000000022f0490 code [0x00000000022f07e0, 0x00000000022f1de8]
Event: 4337.231 Thread 0x00000000084d6800  395             java.util.HashSet::contains (9 bytes)
Event: 4337.237 Thread 0x00000000084d6800 nmethod 395 0x00000000021c7510 code [0x00000000021c7680, 0x00000000021c79d8]
Event: 4337.750 Thread 0x00000000084ed800 nmethod 44% 0x00000000022fb4d0 code [0x00000000022fbd20, 0x0000000002303178]

GC Heap History (10 events):
Event: 4334.020 GC heap after
Heap after GC invocations=89 (full 6):
 PSYoungGen      total 282688K, used 128K [0x00000000eb000000, 0x0000000100000000, 0x0000000100000000)
  eden space 221312K, 0% used [0x00000000eb000000,0x00000000eb000000,0x00000000f8820000)
  from space 61376K, 0% used [0x00000000f8820000,0x00000000f8840000,0x00000000fc410000)
  to   space 60416K, 0% used [0x00000000fc500000,0x00000000fc500000,0x0000000100000000)
 ParOldGen       total 246144K, used 90263K [0x00000000c1000000, 0x00000000d0060000, 0x00000000eb000000)
  object space 246144K, 36% used [0x00000000c1000000,0x00000000c6825c38,0x00000000d0060000)
 PSPermGen       total 21248K, used 4884K [0x00000000bbe00000, 0x00000000bd2c0000, 0x00000000c1000000)
  object space 21248K, 22% used [0x00000000bbe00000,0x00000000bc2c5330,0x00000000bd2c0000)
}
Event: 4334.714 GC heap before
{Heap before GC invocations=90 (full 6):
 PSYoungGen      total 282688K, used 221440K [0x00000000eb000000, 0x0000000100000000, 0x0000000100000000)
  eden space 221312K, 100% used [0x00000000eb000000,0x00000000f8820000,0x00000000f8820000)
  from space 61376K, 0% used [0x00000000f8820000,0x00000000f8840000,0x00000000fc410000)
  to   space 60416K, 0% used [0x00000000fc500000,0x00000000fc500000,0x0000000100000000)
 ParOldGen       total 246144K, used 90263K [0x00000000c1000000, 0x00000000d0060000, 0x00000000eb000000)
  object space 246144K, 36% used [0x00000000c1000000,0x00000000c6825c38,0x00000000d0060000)
 PSPermGen       total 21248K, used 4884K [0x00000000bbe00000, 0x00000000bd2c0000, 0x00000000c1000000)
  object space 21248K, 22% used [0x00000000bbe00000,0x00000000bc2c5330,0x00000000bd2c0000)
Event: 4334.801 GC heap after
Heap after GC invocations=90 (full 6):
 PSYoungGen      total 275072K, used 11552K [0x00000000eb000000, 0x00000000ff890000, 0x0000000100000000)
  eden space 222272K, 0% used [0x00000000eb000000,0x00000000eb000000,0x00000000f8910000)
  from space 52800K, 21% used [0x00000000fc500000,0x00000000fd048368,0x00000000ff890000)
  to   space 57088K, 0% used [0x00000000f8910000,0x00000000f8910000,0x00000000fc0d0000)
 ParOldGen       total 246144K, used 90263K [0x00000000c1000000, 0x00000000d0060000, 0x00000000eb000000)
  object space 246144K, 36% used [0x00000000c1000000,0x00000000c6825c38,0x00000000d0060000)
 PSPermGen       total 21248K, used 4884K [0x00000000bbe00000, 0x00000000bd2c0000, 0x00000000c1000000)
  object space 21248K, 22% used [0x00000000bbe00000,0x00000000bc2c5330,0x00000000bd2c0000)
}
Event: 4335.636 GC heap before
{Heap before GC invocations=91 (full 6):
 PSYoungGen      total 275072K, used 233824K [0x00000000eb000000, 0x00000000ff890000, 0x0000000100000000)
  eden space 222272K, 100% used [0x00000000eb000000,0x00000000f8910000,0x00000000f8910000)
  from space 52800K, 21% used [0x00000000fc500000,0x00000000fd048368,0x00000000ff890000)
  to   space 57088K, 0% used [0x00000000f8910000,0x00000000f8910000,0x00000000fc0d0000)
 ParOldGen       total 246144K, used 90263K [0x00000000c1000000, 0x00000000d0060000, 0x00000000eb000000)
  object space 246144K, 36% used [0x00000000c1000000,0x00000000c6825c38,0x00000000d0060000)
 PSPermGen       total 21248K, used 4884K [0x00000000bbe00000, 0x00000000bd2c0000, 0x00000000c1000000)
  object space 21248K, 22% used [0x00000000bbe00000,0x00000000bc2c5330,0x00000000bd2c0000)
Event: 4335.822 GC heap after
Heap after GC invocations=91 (full 6):
 PSYoungGen      total 279360K, used 24060K [0x00000000eb000000, 0x0000000100000000, 0x0000000100000000)
  eden space 222272K, 0% used [0x00000000eb000000,0x00000000eb000000,0x00000000f8910000)
  from space 57088K, 42% used [0x00000000f8910000,0x00000000fa08f050,0x00000000fc0d0000)
  to   space 55744K, 0% used [0x00000000fc990000,0x00000000fc990000,0x0000000100000000)
 ParOldGen       total 246144K, used 90263K [0x00000000c1000000, 0x00000000d0060000, 0x00000000eb000000)
  object space 246144K, 36% used [0x00000000c1000000,0x00000000c6825c38,0x00000000d0060000)
 PSPermGen       total 21248K, used 4884K [0x00000000bbe00000, 0x00000000bd2c0000, 0x00000000c1000000)
  object space 21248K, 22% used [0x00000000bbe00000,0x00000000bc2c5330,0x00000000bd2c0000)
}
Event: 4336.309 GC heap before
{Heap before GC invocations=92 (full 6):
 PSYoungGen      total 279360K, used 246332K [0x00000000eb000000, 0x0000000100000000, 0x0000000100000000)
  eden space 222272K, 100% used [0x00000000eb000000,0x00000000f8910000,0x00000000f8910000)
  from space 57088K, 42% used [0x00000000f8910000,0x00000000fa08f050,0x00000000fc0d0000)
  to   space 55744K, 0% used [0x00000000fc990000,0x00000000fc990000,0x0000000100000000)
 ParOldGen       total 246144K, used 90263K [0x00000000c1000000, 0x00000000d0060000, 0x00000000eb000000)
  object space 246144K, 36% used [0x00000000c1000000,0x00000000c6825c38,0x00000000d0060000)
 PSPermGen       total 21248K, used 4884K [0x00000000bbe00000, 0x00000000bd2c0000, 0x00000000c1000000)
  object space 21248K, 22% used [0x00000000bbe00000,0x00000000bc2c5330,0x00000000bd2c0000)
Event: 4336.399 GC heap after
Heap after GC invocations=92 (full 6):
 PSYoungGen      total 284096K, used 33497K [0x00000000eb000000, 0x0000000100000000, 0x0000000100000000)
  eden space 228352K, 0% used [0x00000000eb000000,0x00000000eb000000,0x00000000f8f00000)
  from space 55744K, 60% used [0x00000000fc990000,0x00000000fea46698,0x0000000100000000)
  to   space 57856K, 0% used [0x00000000f8f00000,0x00000000f8f00000,0x00000000fc780000)
 ParOldGen       total 246144K, used 90263K [0x00000000c1000000, 0x00000000d0060000, 0x00000000eb000000)
  object space 246144K, 36% used [0x00000000c1000000,0x00000000c6825c38,0x00000000d0060000)
 PSPermGen       total 21248K, used 4884K [0x00000000bbe00000, 0x00000000bd2c0000, 0x00000000c1000000)
  object space 21248K, 22% used [0x00000000bbe00000,0x00000000bc2c5330,0x00000000bd2c0000)
}
Event: 4337.349 GC heap before
{Heap before GC invocations=93 (full 6):
 PSYoungGen      total 284096K, used 261849K [0x00000000eb000000, 0x0000000100000000, 0x0000000100000000)
  eden space 228352K, 100% used [0x00000000eb000000,0x00000000f8f00000,0x00000000f8f00000)
  from space 55744K, 60% used [0x00000000fc990000,0x00000000fea46698,0x0000000100000000)
  to   space 57856K, 0% used [0x00000000f8f00000,0x00000000f8f00000,0x00000000fc780000)
 ParOldGen       total 246144K, used 90263K [0x00000000c1000000, 0x00000000d0060000, 0x00000000eb000000)
  object space 246144K, 36% used [0x00000000c1000000,0x00000000c6825c38,0x00000000d0060000)
 PSPermGen       total 21248K, used 4886K [0x00000000bbe00000, 0x00000000bd2c0000, 0x00000000c1000000)
  object space 21248K, 22% used [0x00000000bbe00000,0x00000000bc2c5ab0,0x00000000bd2c0000)
Event: 4337.463 GC heap after
Heap after GC invocations=93 (full 6):
 PSYoungGen      total 270912K, used 42552K [0x00000000eb000000, 0x0000000100000000, 0x0000000100000000)
  eden space 228352K, 0% used [0x00000000eb000000,0x00000000eb000000,0x00000000f8f00000)
  from space 42560K, 99% used [0x00000000f8f00000,0x00000000fb88e0c8,0x00000000fb890000)
  to   space 62656K, 0% used [0x00000000fc2d0000,0x00000000fc2d0000,0x0000000100000000)
 ParOldGen       total 246144K, used 90263K [0x00000000c1000000, 0x00000000d0060000, 0x00000000eb000000)
  object space 246144K, 36% used [0x00000000c1000000,0x00000000c6825c38,0x00000000d0060000)
 PSPermGen       total 21248K, used 4886K [0x00000000bbe00000, 0x00000000bd2c0000, 0x00000000c1000000)
  object space 21248K, 22% used [0x00000000bbe00000,0x00000000bc2c5ab0,0x00000000bd2c0000)
}
Event: 4337.892 GC heap before
{Heap before GC invocations=94 (full 6):
 PSYoungGen      total 270912K, used 270904K [0x00000000eb000000, 0x0000000100000000, 0x0000000100000000)
  eden space 228352K, 100% used [0x00000000eb000000,0x00000000f8f00000,0x00000000f8f00000)
  from space 42560K, 99% used [0x00000000f8f00000,0x00000000fb88e0c8,0x00000000fb890000)
  to   space 62656K, 0% used [0x00000000fc2d0000,0x00000000fc2d0000,0x0000000100000000)
 ParOldGen       total 246144K, used 90263K [0x00000000c1000000, 0x00000000d0060000, 0x00000000eb000000)
  object space 246144K, 36% used [0x00000000c1000000,0x00000000c6825c38,0x00000000d0060000)
 PSPermGen       total 21248K, used 4886K [0x00000000bbe00000, 0x00000000bd2c0000, 0x00000000c1000000)
  object space 21248K, 22% used [0x00000000bbe00000,0x00000000bc2c5ab0,0x00000000bd2c0000)

Deoptimization events (10 events):
Event: 4331.579 Thread 0x0000000001e9c800 Uncommon trap -34 fr.pc 0x00000000021d452c
Event: 4331.579 Thread 0x0000000001e9c800 Uncommon trap -34 fr.pc 0x00000000021d452c
Event: 4331.580 Thread 0x0000000001e9c800 Uncommon trap -34 fr.pc 0x00000000021d452c
Event: 4335.122 Thread 0x0000000001e9c800 Uncommon trap -12 fr.pc 0x0000000002217be8
Event: 4335.892 Thread 0x0000000001e9c800 Uncommon trap -34 fr.pc 0x0000000002231a68
Event: 4335.892 Thread 0x0000000001e9c800 Uncommon trap -58 fr.pc 0x00000000022ae29c
Event: 4335.892 Thread 0x0000000001e9c800 Uncommon trap -58 fr.pc 0x00000000022ae29c
Event: 4335.892 Thread 0x0000000001e9c800 Uncommon trap -58 fr.pc 0x00000000022ae29c
Event: 4335.892 Thread 0x0000000001e9c800 Uncommon trap -58 fr.pc 0x00000000022ae29c
Event: 4337.039 Thread 0x0000000001e9c800 Uncommon trap 98 fr.pc 0x0000000002245c74

Internal exceptions (10 events):
Event: 4309.376 Thread 0x0000000001e9c800 Threw 0x00000000ec70cc58 at C:\jdk7u2_64p\jdk7u15\hotspot\src\share\vm\prims\jvm.cpp:1166
Event: 4309.420 Thread 0x0000000001e9c800 Threw 0x00000000ec8013b8 at C:\jdk7u2_64p\jdk7u15\hotspot\src\share\vm\prims\jvm.cpp:1166
Event: 4309.430 Thread 0x0000000001e9c800 Threw 0x00000000ec811c58 at C:\jdk7u2_64p\jdk7u15\hotspot\src\share\vm\prims\jvm.cpp:1166
Event: 4309.430 Thread 0x0000000001e9c800 Threw 0x00000000ec814180 at C:\jdk7u2_64p\jdk7u15\hotspot\src\share\vm\prims\jvm.cpp:1166
Event: 4309.431 Thread 0x0000000001e9c800 Threw 0x00000000ec816840 at C:\jdk7u2_64p\jdk7u15\hotspot\src\share\vm\prims\jvm.cpp:1166
Event: 4309.432 Thread 0x0000000001e9c800 Threw 0x00000000ec818e78 at C:\jdk7u2_64p\jdk7u15\hotspot\src\share\vm\prims\jvm.cpp:1166
Event: 4309.470 Thread 0x0000000001e9c800 Threw 0x00000000ec82a450 at C:\jdk7u2_64p\jdk7u15\hotspot\src\share\vm\prims\jvm.cpp:1166
Event: 4309.501 Thread 0x0000000001e9c800 Threw 0x00000000ec82ea00 at C:\jdk7u2_64p\jdk7u15\hotspot\src\share\vm\prims\jvm.cpp:1166
Event: 4318.621 Thread 0x0000000001e9c800 Threw 0x00000000f3456140 at C:\jdk7u2_64p\jdk7u15\hotspot\src\share\vm\prims\jvm.cpp:1166
Event: 4318.664 Thread 0x0000000001e9c800 Threw 0x00000000f369c400 at C:\jdk7u2_64p\jdk7u15\hotspot\src\share\vm\prims\jvm.cpp:1166

Events (10 events):
Event: 4336.309 Executing VM operation: ParallelGCFailedAllocation
Event: 4336.399 Executing VM operation: ParallelGCFailedAllocation done
Event: 4337.011 Thread 0x00000000084d6800 flushing nmethod 0x00000000021fa190
Event: 4337.039 Thread 0x0000000001e9c800 DEOPT PACKING pc=0x0000000002245c74 sp=0x000000000213f280
Event: 4337.039 Thread 0x0000000001e9c800 DEOPT UNPACKING pc=0x0000000002179164 sp=0x000000000213f248 mode 2
Event: 4337.349 Executing VM operation: ParallelGCFailedAllocation
Event: 4337.463 Executing VM operation: ParallelGCFailedAllocation done
Event: 4337.495 Executing VM operation: RevokeBias
Event: 4337.495 Executing VM operation: RevokeBias done
Event: 4337.892 Executing VM operation: ParallelGCFailedAllocation


Dynamic libraries:
0x000000013fa00000 - 0x000000013fa33000 	D:\Program Files\Java\jre7\bin\javaw.exe
0x0000000077680000 - 0x0000000077829000 	C:\Windows\SYSTEM32\ntdll.dll
0x0000000077560000 - 0x000000007767f000 	C:\Windows\system32\kernel32.dll
0x000007fefd660000 - 0x000007fefd6cb000 	C:\Windows\system32\KERNELBASE.dll
0x000007fefed10000 - 0x000007fefedeb000 	C:\Windows\system32\ADVAPI32.dll
0x000007fefec20000 - 0x000007fefecbf000 	C:\Windows\system32\msvcrt.dll
0x000007feff540000 - 0x000007feff55f000 	C:\Windows\SYSTEM32\sechost.dll
0x000007feff770000 - 0x000007feff89d000 	C:\Windows\system32\RPCRT4.dll
0x0000000077460000 - 0x000000007755a000 	C:\Windows\system32\USER32.dll
0x000007feff8c0000 - 0x000007feff927000 	C:\Windows\system32\GDI32.dll
0x000007fefea80000 - 0x000007fefea8e000 	C:\Windows\system32\LPK.dll
0x000007feff470000 - 0x000007feff539000 	C:\Windows\system32\USP10.dll
0x000007fefbe80000 - 0x000007fefc074000 	C:\Windows\WinSxS\amd64_microsoft.windows.common-controls_6595b64144ccf1df_6.0.7601.17514_none_fa396087175ac9ac\COMCTL32.dll
0x000007fefea00000 - 0x000007fefea71000 	C:\Windows\system32\SHLWAPI.dll
0x000007fefe7f0000 - 0x000007fefe81e000 	C:\Windows\system32\IMM32.DLL
0x000007fefedf0000 - 0x000007fefeef9000 	C:\Windows\system32\MSCTF.dll
0x0000000062f00000 - 0x0000000062fd1000 	D:\Program Files\Java\jre7\bin\msvcr100.dll
0x0000000059580000 - 0x0000000059c9f000 	D:\Program Files\Java\jre7\bin\server\jvm.dll
0x000007fefbe50000 - 0x000007fefbe59000 	C:\Windows\system32\WSOCK32.dll
0x000007fefecc0000 - 0x000007fefed0d000 	C:\Windows\system32\WS2_32.dll
0x000007fefec10000 - 0x000007fefec18000 	C:\Windows\system32\NSI.dll
0x000007fefaee0000 - 0x000007fefaf1b000 	C:\Windows\system32\WINMM.dll
0x0000000077840000 - 0x0000000077847000 	C:\Windows\system32\PSAPI.DLL
0x000000006a800000 - 0x000000006a80f000 	D:\Program Files\Java\jre7\bin\verify.dll
0x0000000062ed0000 - 0x0000000062ef8000 	D:\Program Files\Java\jre7\bin\java.dll
0x000000006a740000 - 0x000000006a755000 	D:\Program Files\Java\jre7\bin\zip.dll
0x000007fef5170000 - 0x000007fef5295000 	C:\Windows\system32\dbghelp.dll

VM Arguments:
jvm_args: -Dfile.encoding=Cp1252 
java_command: dstc.SigDial2014GoalClassifier
Launcher Type: SUN_STANDARD

Environment Variables:
JAVA_HOME=D:\Program Files\Java\jdk1.7.0_15
CLASSPATH=.;.;D:\PROGRA~1\JMF21~1.1E\lib\sound.jar;D:\PROGRA~1\JMF21~1.1E\lib\jmf.jar;D:\PROGRA~1\JMF21~1.1E\lib;D:\Program Files\Java\jdk1.6.0_45\lib;
PATH=D:/Program Files/Java/jdk1.7.0_15/bin/../jre/bin/server;D:/Program Files/Java/jdk1.7.0_15/bin/../jre/bin;D:/Program Files/Java/jdk1.7.0_15/bin/../jre/lib/amd64;D:\Program Files\Java\jdk1.7.0_15\bin;C:\Program Files\Common Files\Microsoft Shared\Windows Live;C:\Program Files (x86)\Common Files\Microsoft Shared\Windows Live;C:\Windows\system32;C:\Windows;C:\Windows\System32\Wbem;C:\Windows\System32\WindowsPowerShell\v1.0\;D:\Program Files\TortoiseSVN\bin;D:\Python27;D:\Program Files\TortoiseGit\bin;D:\Program Files\MATLAB\R2011b\runtime\win64;D:\Program Files\MATLAB\R2011b\bin;C:\Program Files (x86)\Windows Live\Shared;D:\Dev\adt-bundle-windows-x86_64\eclipse\plugins\org.apache.ant_1.8.3.v201301120609\bin;D:\Dev\adt-bundle-windows-x86_64\sdk\platform-tools;C:\Program Files\OpenAFS\Common;C:\Program Files\OpenAFS\Client\Program;D:\eclipse;
USERNAME=wencan
OS=Windows_NT
PROCESSOR_IDENTIFIER=Intel64 Family 6 Model 23 Stepping 10, GenuineIntel



---------------  S Y S T E M  ---------------

OS: Windows 7 , 64 bit Build 7601 Service Pack 1

CPU:total 2 (2 cores per cpu, 1 threads per core) family 6 model 23 stepping 10, cmov, cx8, fxsr, mmx, sse, sse2, sse3, ssse3, tsc

Memory: 4k page, physical 4125300k(875900k free), swap 8248736k(3454112k free)

vm_info: Java HotSpot(TM) 64-Bit Server VM (23.7-b01) for windows-amd64 JRE (1.7.0_15-b03), built on Feb 15 2013 13:43:57 by "java_re" with unknown MS VC++:1600

time: Wed Jan 22 10:27:53 2014
elapsed time: 4338 seconds

